[10:12:51] [main/INFO]: Environment: authHost='https://authserver.mojang.com', accountsHost='https://api.mojang.com', sessionHost='https://sessionserver.mojang.com', name='PROD'
[10:12:52] [main/INFO]: Reloading ResourceManager: Default
[10:12:53] [Worker-Main-2/INFO]: Loaded 7 recipes
[10:12:54] [Server thread/INFO]: Starting minecraft server version 1.16.1
[10:12:54] [Server thread/INFO]: Loading properties
[10:12:55] [Server thread/INFO]: This server is running CraftBukkit version git-Spigot-758abbe-2b00831 (MC: 1.16.1) (Implementing API version 1.16.1-R0.1-SNAPSHOT)
[10:12:55] [Server thread/INFO]: Server Ping Player Sample Count: 12
[10:12:55] [Server thread/INFO]: Using 4 threads for Netty based IO
[10:12:55] [Server thread/INFO]: Debug logging is disabled
[10:12:55] [Server thread/WARN]: You specified a resource pack without providing a sha1 hash. Pack will be updated on the client only if you change the name of the pack.
[10:12:55] [Server thread/INFO]: Default game type: SURVIVAL
[10:12:55] [Server thread/INFO]: Generating keypair
[10:12:55] [Server thread/INFO]: Starting Minecraft server on *:25565
[10:12:55] [Server thread/INFO]: Using epoll channel type
[10:12:57] [Server thread/WARN]: Initializing Legacy Material Support. Unless you have legacy plugins and/or data this is a bug!
[10:13:01] [Server thread/WARN]: Legacy plugin JustTPA v1.0.0 does not specify an api-version.
[10:13:01] [Server thread/WARN]: Legacy plugin BadlionClientModAPI v1.0 does not specify an api-version.
[10:13:01] [Server thread/INFO]: [LuckPerms] Loading LuckPerms v5.1.86
[10:13:01] [Server thread/INFO]: [WorldEdit] Loading WorldEdit v7.2.0-beta-04+98f71a3
[10:13:02] [Server thread/INFO]: Got request to register class com.sk89q.worldedit.bukkit.BukkitServerInterface with WorldEdit [com.sk89q.worldedit.extension.platform.PlatformManager@6f039756]
[10:13:02] [Server thread/INFO]: [SeePlayerInventory] Loading SeePlayerInventory v2.6
[10:13:02] [Server thread/INFO]: [Harbor] Loading Harbor v1.6.1
[10:13:02] [Server thread/INFO]: [GSit] Loading GSit v[3.2.0.0]
[10:13:02] [Server thread/INFO]: [JustTPA] Loading JustTPA v1.0.0
[10:13:02] [Server thread/INFO]: [SpawnerSilk] Loading SpawnerSilk v3.3
[10:13:02] [Server thread/INFO]: [BadlionClientModAPI] Loading BadlionClientModAPI v1.0
[10:13:02] [Server thread/INFO]: [LuckPerms] Enabling LuckPerms v5.1.86
[10:13:02] [Server thread/INFO]: [0;36;1m       [0;36;22m __    [m
[10:13:02] [Server thread/INFO]: [0;36;1m  |    [0;36;22m|__)   [0;32;22mLuckPerms [0;36;1mv5.1.86[m
[10:13:02] [Server thread/INFO]: [0;36;1m  |___ [0;36;22m|      [0;30;1mRunning on Bukkit - CraftBukkit[m
[10:13:02] [Server thread/INFO]: [m
[10:13:02] [Server thread/INFO]: [LuckPerms] Loading configuration...
[10:13:02] [Server thread/INFO]: [LuckPerms] Loading storage provider... [H2]
[10:13:03] [Server thread/INFO]: [LuckPerms] Loading internal permission managers...
[10:13:04] [Server thread/INFO]: [LuckPerms] Performing initial data load...
[10:13:04] [Server thread/INFO]: [LuckPerms] Successfully enabled. (took 2331ms)
[10:13:04] [Server thread/INFO]: [WorldEdit] Enabling WorldEdit v7.2.0-beta-04+98f71a3
[10:13:04] [Server thread/INFO]: WEPIF: Using the Bukkit Permissions API.
[10:13:04] [Server thread/INFO]: Using com.sk89q.worldedit.bukkit.adapter.impl.Spigot_v1_16_R1 as the Bukkit adapter
[10:13:05] [Server thread/WARN]: [WorldEdit] ====================================================
[10:13:05] [Server thread/WARN]: [WorldEdit]  WorldEdit works better if you use Paper 
[10:13:05] [Server thread/WARN]: [WorldEdit]  as your server software. 
[10:13:05] [Server thread/WARN]: [WorldEdit]   
[10:13:05] [Server thread/WARN]: [WorldEdit]  Paper offers significant performance improvements,
[10:13:05] [Server thread/WARN]: [WorldEdit]  bug fixes, security enhancements and optional
[10:13:05] [Server thread/WARN]: [WorldEdit]  features for server owners to enhance their server.
[10:13:05] [Server thread/WARN]: [WorldEdit]   
[10:13:05] [Server thread/WARN]: [WorldEdit]  Paper includes Timings v2, which is significantly
[10:13:05] [Server thread/WARN]: [WorldEdit]  better at diagnosing lag problems over v1.
[10:13:05] [Server thread/WARN]: [WorldEdit]   
[10:13:05] [Server thread/WARN]: [WorldEdit]  All of your plugins should still work, and the
[10:13:05] [Server thread/WARN]: [WorldEdit]  Paper community will gladly help you fix any issues.
[10:13:05] [Server thread/WARN]: [WorldEdit]   
[10:13:05] [Server thread/WARN]: [WorldEdit]  Join the Paper Community @ https://papermc.io
[10:13:05] [Server thread/WARN]: [WorldEdit] ====================================================
[10:13:05] [Server thread/INFO]: Preparing level "smp"
[10:13:05] [Server thread/INFO]: -------- World Settings For [smp] --------
[10:13:05] [Server thread/INFO]: Mob Spawn Range: 6
[10:13:05] [Server thread/INFO]: Experience Merge Radius: 3.0
[10:13:05] [Server thread/INFO]: Cactus Growth Modifier: 100%
[10:13:05] [Server thread/INFO]: Cane Growth Modifier: 100%
[10:13:05] [Server thread/INFO]: Melon Growth Modifier: 100%
[10:13:05] [Server thread/INFO]: Mushroom Growth Modifier: 100%
[10:13:05] [Server thread/INFO]: Pumpkin Growth Modifier: 100%
[10:13:05] [Server thread/INFO]: Sapling Growth Modifier: 100%
[10:13:05] [Server thread/INFO]: Beetroot Growth Modifier: 100%
[10:13:05] [Server thread/INFO]: Carrot Growth Modifier: 100%
[10:13:05] [Server thread/INFO]: Potato Growth Modifier: 100%
[10:13:05] [Server thread/INFO]: Wheat Growth Modifier: 100%
[10:13:05] [Server thread/INFO]: NetherWart Growth Modifier: 100%
[10:13:05] [Server thread/INFO]: Vine Growth Modifier: 100%
[10:13:05] [Server thread/INFO]: Cocoa Growth Modifier: 100%
[10:13:05] [Server thread/INFO]: Bamboo Growth Modifier: 100%
[10:13:05] [Server thread/INFO]: SweetBerry Growth Modifier: 100%
[10:13:05] [Server thread/INFO]: Kelp Growth Modifier: 100%
[10:13:05] [Server thread/INFO]: Entity Activation Range: An 32 / Mo 32 / Ra 48 / Mi 16 / Tiv true
[10:13:05] [Server thread/INFO]: Hopper Transfer: 8 Hopper Check: 1 Hopper Amount: 1
[10:13:05] [Server thread/INFO]: Custom Map Seeds:  Village: 10387312 Desert: 14357617 Igloo: 14357618 Jungle: 14357619 Swamp: 14357620 Monument: 10387313 Ocean: 14357621 Shipwreck: 165745295 End City: 10387313 Slime: 987234911 Bastion: 30084232 Fortress: 30084232 Mansion: 10387319 Fossil: 14357921 Portal: 34222645
[10:13:05] [Server thread/INFO]: Max TNT Explosions: 100
[10:13:05] [Server thread/INFO]: Tile Max Tick Time: 50ms Entity max Tick Time: 50ms
[10:13:05] [Server thread/INFO]: Entity Tracking Range: Pl 48 / An 48 / Mo 48 / Mi 32 / Other 64
[10:13:05] [Server thread/INFO]: Allow Zombie Pigmen to spawn from portal blocks: true
[10:13:05] [Server thread/INFO]: Item Despawn Rate: 6000
[10:13:05] [Server thread/INFO]: Item Merge Radius: 2.5
[10:13:05] [Server thread/INFO]: View Distance: 10
[10:13:05] [Server thread/INFO]: Arrow Despawn Rate: 1200 Trident Respawn Rate:1200
[10:13:05] [Server thread/INFO]: Zombie Aggressive Towards Villager: true
[10:13:05] [Server thread/INFO]: Nerfing mobs spawned from spawners: false
[10:13:05] [Server thread/INFO]: Registering commands with com.sk89q.worldedit.bukkit.BukkitServerInterface
[10:13:06] [Server thread/INFO]: -------- World Settings For [smp_nether] --------
[10:13:06] [Server thread/INFO]: Mob Spawn Range: 6
[10:13:06] [Server thread/INFO]: Experience Merge Radius: 3.0
[10:13:06] [Server thread/INFO]: Cactus Growth Modifier: 100%
[10:13:06] [Server thread/INFO]: Cane Growth Modifier: 100%
[10:13:06] [Server thread/INFO]: Melon Growth Modifier: 100%
[10:13:06] [Server thread/INFO]: Mushroom Growth Modifier: 100%
[10:13:06] [Server thread/INFO]: Pumpkin Growth Modifier: 100%
[10:13:06] [Server thread/INFO]: Sapling Growth Modifier: 100%
[10:13:06] [Server thread/INFO]: Beetroot Growth Modifier: 100%
[10:13:06] [Server thread/INFO]: Carrot Growth Modifier: 100%
[10:13:06] [Server thread/INFO]: Potato Growth Modifier: 100%
[10:13:06] [Server thread/INFO]: Wheat Growth Modifier: 100%
[10:13:06] [Server thread/INFO]: NetherWart Growth Modifier: 100%
[10:13:06] [Server thread/INFO]: Vine Growth Modifier: 100%
[10:13:06] [Server thread/INFO]: Cocoa Growth Modifier: 100%
[10:13:06] [Server thread/INFO]: Bamboo Growth Modifier: 100%
[10:13:06] [Server thread/INFO]: SweetBerry Growth Modifier: 100%
[10:13:06] [Server thread/INFO]: Kelp Growth Modifier: 100%
[10:13:06] [Server thread/INFO]: Entity Activation Range: An 32 / Mo 32 / Ra 48 / Mi 16 / Tiv true
[10:13:06] [Server thread/INFO]: Hopper Transfer: 8 Hopper Check: 1 Hopper Amount: 1
[10:13:06] [Server thread/INFO]: Custom Map Seeds:  Village: 10387312 Desert: 14357617 Igloo: 14357618 Jungle: 14357619 Swamp: 14357620 Monument: 10387313 Ocean: 14357621 Shipwreck: 165745295 End City: 10387313 Slime: 987234911 Bastion: 30084232 Fortress: 30084232 Mansion: 10387319 Fossil: 14357921 Portal: 34222645
[10:13:06] [Server thread/INFO]: Max TNT Explosions: 100
[10:13:06] [Server thread/INFO]: Tile Max Tick Time: 50ms Entity max Tick Time: 50ms
[10:13:06] [Server thread/INFO]: Entity Tracking Range: Pl 48 / An 48 / Mo 48 / Mi 32 / Other 64
[10:13:06] [Server thread/INFO]: Allow Zombie Pigmen to spawn from portal blocks: true
[10:13:06] [Server thread/INFO]: Item Despawn Rate: 6000
[10:13:06] [Server thread/INFO]: Item Merge Radius: 2.5
[10:13:06] [Server thread/INFO]: View Distance: 10
[10:13:06] [Server thread/INFO]: Arrow Despawn Rate: 1200 Trident Respawn Rate:1200
[10:13:06] [Server thread/INFO]: Zombie Aggressive Towards Villager: true
[10:13:06] [Server thread/INFO]: Nerfing mobs spawned from spawners: false
[10:13:06] [Server thread/INFO]: -------- World Settings For [smp_the_end] --------
[10:13:06] [Server thread/INFO]: Mob Spawn Range: 6
[10:13:06] [Server thread/INFO]: Experience Merge Radius: 3.0
[10:13:06] [Server thread/INFO]: Cactus Growth Modifier: 100%
[10:13:06] [Server thread/INFO]: Cane Growth Modifier: 100%
[10:13:06] [Server thread/INFO]: Melon Growth Modifier: 100%
[10:13:06] [Server thread/INFO]: Mushroom Growth Modifier: 100%
[10:13:06] [Server thread/INFO]: Pumpkin Growth Modifier: 100%
[10:13:06] [Server thread/INFO]: Sapling Growth Modifier: 100%
[10:13:06] [Server thread/INFO]: Beetroot Growth Modifier: 100%
[10:13:06] [Server thread/INFO]: Carrot Growth Modifier: 100%
[10:13:06] [Server thread/INFO]: Potato Growth Modifier: 100%
[10:13:06] [Server thread/INFO]: Wheat Growth Modifier: 100%
[10:13:06] [Server thread/INFO]: NetherWart Growth Modifier: 100%
[10:13:06] [Server thread/INFO]: Vine Growth Modifier: 100%
[10:13:06] [Server thread/INFO]: Cocoa Growth Modifier: 100%
[10:13:06] [Server thread/INFO]: Bamboo Growth Modifier: 100%
[10:13:06] [Server thread/INFO]: SweetBerry Growth Modifier: 100%
[10:13:06] [Server thread/INFO]: Kelp Growth Modifier: 100%
[10:13:06] [Server thread/INFO]: Entity Activation Range: An 32 / Mo 32 / Ra 48 / Mi 16 / Tiv true
[10:13:06] [Server thread/INFO]: Hopper Transfer: 8 Hopper Check: 1 Hopper Amount: 1
[10:13:06] [Server thread/INFO]: Custom Map Seeds:  Village: 10387312 Desert: 14357617 Igloo: 14357618 Jungle: 14357619 Swamp: 14357620 Monument: 10387313 Ocean: 14357621 Shipwreck: 165745295 End City: 10387313 Slime: 987234911 Bastion: 30084232 Fortress: 30084232 Mansion: 10387319 Fossil: 14357921 Portal: 34222645
[10:13:06] [Server thread/INFO]: Max TNT Explosions: 100
[10:13:06] [Server thread/INFO]: Tile Max Tick Time: 50ms Entity max Tick Time: 50ms
[10:13:06] [Server thread/INFO]: Entity Tracking Range: Pl 48 / An 48 / Mo 48 / Mi 32 / Other 64
[10:13:06] [Server thread/INFO]: Allow Zombie Pigmen to spawn from portal blocks: true
[10:13:06] [Server thread/INFO]: Item Despawn Rate: 6000
[10:13:06] [Server thread/INFO]: Item Merge Radius: 2.5
[10:13:06] [Server thread/INFO]: View Distance: 10
[10:13:06] [Server thread/INFO]: Arrow Despawn Rate: 1200 Trident Respawn Rate:1200
[10:13:06] [Server thread/INFO]: Zombie Aggressive Towards Villager: true
[10:13:06] [Server thread/INFO]: Nerfing mobs spawned from spawners: false
[10:13:06] [Server thread/INFO]: Preparing start region for dimension minecraft:overworld
[10:13:07] [Server thread/INFO]: Preparing spawn area: 0%
[10:13:07] [Server thread/INFO]: Preparing spawn area: 0%
[10:13:07] [Server thread/INFO]: Preparing spawn area: 0%
[10:13:07] [Server thread/INFO]: Preparing spawn area: 0%
[10:13:08] [Server thread/INFO]: Time elapsed: 2258 ms
[10:13:08] [Server thread/INFO]: Preparing start region for dimension minecraft:the_nether
[10:13:09] [Server thread/INFO]: Preparing spawn area: 0%
[10:13:09] [Server thread/INFO]: Preparing spawn area: 0%
[10:13:09] [Server thread/INFO]: Preparing spawn area: 87%
[10:13:09] [Server thread/INFO]: Time elapsed: 1097 ms
[10:13:09] [Server thread/INFO]: Preparing start region for dimension minecraft:the_end
[10:13:10] [Server thread/INFO]: Preparing spawn area: 0%
[10:13:10] [Server thread/INFO]: Preparing spawn area: 91%
[10:13:10] [Server thread/INFO]: Time elapsed: 609 ms
[10:13:10] [Server thread/INFO]: [SeePlayerInventory] Enabling SeePlayerInventory v2.6
[10:13:10] [Server thread/INFO]: [36m[SeePlayerInventory] [32mSeePlayerInventory Enabled.[0m
[10:13:10] [Server thread/INFO]: [36m[SeePlayerInventory] [32mPlugin by [33m[peti446][0m
[10:13:10] [Server thread/INFO]: [36m[SeePlayerInventory] [32mVersion: [33m2.6[0m
[10:13:10] [Server thread/INFO]: [36m[SeePlayerInventory] [32mChecking for updates.............[0m
[10:13:10] [Server thread/INFO]: [36m[SeePlayerInventory] [32mChecking for updates................[0m
[10:13:11] [Server thread/WARN]: [36m[SeePlayerInventory] [31mFailed to get latest Download Link.[0m
[10:13:11] [Server thread/WARN]: [36m[SeePlayerInventory] [31mThere is a new version available![0m
[10:13:11] [Server thread/WARN]: [36m[SeePlayerInventory] [31mYour can get it from: [34mnull[0m
[10:13:11] [Server thread/INFO]: [Harbor] Enabling Harbor v1.6.1
[10:13:11] [Server thread/INFO]: [GSit] Enabling GSit v[3.2.0.0]
[10:13:11] [Server thread/INFO]: [0;37;22m[[0;33;22mGSit[0;37;22m][0;32;1m The Plugin was successfully enabled.[m
[10:13:11] [Server thread/INFO]: [0;37;22m[[0;33;22mGSit[0;37;22m][0;32;1m This Plugin has a new Version:[0;33;22m [4.6.3.0][0;32;1m!
[0;37;22m[[0;33;22mGSit[0;37;22m][0;32;1m You use the outdated Version:[0;33;22m [3.2.0.0][0;32;1m!
[0;37;22m[[0;33;22mGSit[0;37;22m][0;32;1m Download the latest Version:
[0;37;22m[[0;33;22mGSit[0;37;22m][0;33;22m https://www.spigotmc.org/resources/62325[m
[10:13:11] [Server thread/INFO]: [JustTPA] Enabling JustTPA v1.0.0
[10:13:11] [Server thread/INFO]: [JustTPA] JustTPA plugin has been enabled!
[10:13:11] [Server thread/INFO]: [SpawnerSilk] Enabling SpawnerSilk v3.3
[10:13:11] [Server thread/INFO]: [BadlionClientModAPI] Enabling BadlionClientModAPI v1.0
[10:13:11] [Server thread/INFO]: [BadlionClientModAPI] Found version v1_16_R1
[10:13:11] [Server thread/INFO]: [BadlionClientModAPI] Successfully setup BadlionClientModAPI plugin.
[10:13:11] [Server thread/INFO]: Server permissions file permissions.yml is empty, ignoring it
[10:13:11] [Server thread/INFO]: Done (6.007s)! For help, type "help"
[15:31:35] [User Authenticator #1/INFO]: UUID of player DriftZombie is 5f363711-499e-4204-9d6c-79b2975b4d48
[15:31:35] [Server thread/INFO]: DriftZombie[/69.129.201.146:55321] logged in with entity id 267 at ([smp]-3906.699999988079, 84.0, -2229.0353726784397)
[15:31:46] [Server thread/ERROR]: No TreeType mapping for TreeGenerator.TreeType.CRIMSON_FUNGUS
[15:31:46] [Server thread/ERROR]: No TreeType mapping for TreeGenerator.TreeType.WARPED_FUNGUS
[15:31:59] [User Authenticator #2/INFO]: UUID of player DriftShadow_ is 885cff7b-0c71-4e3f-accb-deba15c2f09f
[15:31:59] [Server thread/INFO]: DriftShadow_[/10.145.24.186:53187] logged in with entity id 566 at ([smp]-162.54183901216885, 62.52326334615908, 128.30202310256922)
[15:32:03] [Server thread/INFO]: DriftZombie issued server command: /tpa DriftShadow_
[15:32:48] [Server thread/INFO]: DriftZombie hit the ground too hard
[15:33:20] [Server thread/INFO]: DriftShadow_ issued server command: /tpa DriftShadow_
[15:33:24] [Server thread/INFO]: DriftShadow_ issued server command: /tpa DriftZombie
[15:33:31] [Server thread/INFO]: DriftZombie issued server command: /tpaccept
[15:36:40] [Server thread/INFO]: DriftZombie issued server command: /tpa DriftShadow_
[15:36:45] [Server thread/INFO]: DriftShadow_ issued server command: /tpaccept
[15:38:24] [Server thread/INFO]: DriftShadow_ was slain by Zombie
[15:38:31] [Server thread/INFO]: DriftShadow_ issued server command: /tpa DriftZombie
[15:38:34] [Server thread/INFO]: DriftZombie issued server command: /tpaccept
[15:38:34] [Server thread/WARN]: DriftShadow_ moved too quickly! -3778.6507874439026,19.0625,-1927.044993009941
[15:39:47] [Server thread/INFO]: DriftShadow_ was shot by Skeleton
[15:42:04] [Server thread/INFO]: DriftShadow_ was slain by Enderman
[15:46:40] [Server thread/INFO]: DriftZombie issued server command: /tpa DriftShadow_
[15:46:40] [Server thread/INFO]: DriftShadow_ issued server command: /tpaccept
[15:49:17] [Server thread/INFO]: DriftZombie issued server command: /tpa DriftShadow_
[15:49:20] [Server thread/INFO]: DriftShadow_ issued server command: /tpaccept
[15:50:26] [Server thread/INFO]: DriftZombie was slain by DriftShadow_
[15:51:27] [Server thread/INFO]: DriftZombie lost connection: Disconnected
[15:51:27] [Server thread/INFO]: DriftZombie left the game
[15:52:35] [Server thread/INFO]: DriftShadow_ lost connection: Disconnected
[15:52:35] [Server thread/INFO]: DriftShadow_ left the game
